[2025-06-14 15:13:48] app.INFO: Protect vendor folder in module psxdesign [] []
[2025-06-14 15:13:48] app.INFO: Protect vendor folder in module graphnvd3 [] []
[2025-06-14 15:13:48] app.INFO: Module graphnvd3 has no vendor folder [] []
[2025-06-14 15:13:49] app.INFO: Protect vendor folder in module gamification [] []
[2025-06-14 15:13:49] app.INFO: Protect vendor folder in module statsbestcustomers [] []
[2025-06-14 15:13:49] app.INFO: Module statsbestcustomers has no vendor folder [] []
[2025-06-14 15:13:49] app.INFO: Protect vendor folder in module statsbestmanufacturers [] []
[2025-06-14 15:13:49] app.INFO: Module statsbestmanufacturers has no vendor folder [] []
[2025-06-14 15:13:49] app.INFO: Protect vendor folder in module ps_googleanalytics [] []
[2025-06-14 15:13:49] app.INFO: Module ps_googleanalytics has no vendor folder [] []
[2025-06-14 15:13:49] app.INFO: Protect vendor folder in module ps_eventbus [] []
[2025-06-14 15:13:49] app.INFO: Protect vendor folder in module statsbestcategories [] []
[2025-06-14 15:13:49] app.INFO: Module statsbestcategories has no vendor folder [] []
[2025-06-14 15:13:49] app.INFO: Protect vendor folder in module statsbestsuppliers [] []
[2025-06-14 15:13:49] app.INFO: Module statsbestsuppliers has no vendor folder [] []
[2025-06-14 15:13:49] app.INFO: Protect vendor folder in module ps_edition_basic [] []
[2025-06-14 15:13:50] app.INFO: Protect vendor folder in module statsnewsletter [] []
[2025-06-14 15:13:50] app.INFO: Module statsnewsletter has no vendor folder [] []
[2025-06-14 15:13:50] app.INFO: Protect vendor folder in module ps_viewedproduct [] []
[2025-06-14 15:13:50] app.INFO: Module ps_viewedproduct has no vendor folder [] []
[2025-06-14 15:13:50] app.INFO: Protect vendor folder in module ps_emailalerts [] []
[2025-06-14 15:13:50] app.INFO: Module ps_emailalerts has no vendor folder [] []
[2025-06-14 15:13:50] app.INFO: Protect vendor folder in module statssales [] []
[2025-06-14 15:13:50] app.INFO: Module statssales has no vendor folder [] []
[2025-06-14 15:13:50] app.INFO: Protect vendor folder in module ps_dataprivacy [] []
[2025-06-14 15:13:50] app.INFO: Module ps_dataprivacy has no vendor folder [] []
[2025-06-14 15:13:50] app.INFO: Protect vendor folder in module statsdata [] []
[2025-06-14 15:13:50] app.INFO: Module statsdata has no vendor folder [] []
[2025-06-14 15:13:50] app.INFO: Protect vendor folder in module statsbestvouchers [] []
[2025-06-14 15:13:50] app.INFO: Module statsbestvouchers has no vendor folder [] []
[2025-06-14 15:13:50] app.INFO: Protect vendor folder in module statsproduct [] []
[2025-06-14 15:13:50] app.INFO: Module statsproduct has no vendor folder [] []
[2025-06-14 15:13:50] app.INFO: Protect vendor folder in module statscheckup [] []
[2025-06-14 15:13:50] app.INFO: Module statscheckup has no vendor folder [] []
[2025-06-14 15:13:50] app.INFO: Protect vendor folder in module ps_accounts [] []
[2025-06-14 15:13:51] app.INFO: Protect vendor folder in module ps_mbo [] []
[2025-06-14 15:13:51] app.INFO: Protect vendor folder in module ps_categoryproducts [] []
[2025-06-14 15:13:51] app.INFO: Module ps_categoryproducts has no vendor folder [] []
[2025-06-14 15:13:51] app.INFO: Protect vendor folder in module ps_checkpayment [] []
[2025-06-14 15:13:51] app.INFO: Module ps_checkpayment has no vendor folder [] []
[2025-06-14 15:13:51] app.INFO: Protect vendor folder in module ps_supplierlist [] []
[2025-06-14 15:13:51] app.INFO: Module ps_supplierlist has no vendor folder [] []
[2025-06-14 15:13:51] app.INFO: Protect vendor folder in module statscarrier [] []
[2025-06-14 15:13:51] app.INFO: Module statscarrier has no vendor folder [] []
[2025-06-14 15:13:52] app.INFO: Protect vendor folder in module psshipping [] []
[2025-06-14 15:13:52] app.ERROR: Cannot register tab "PsshippingCarrierController" because it already exists [] []
[2025-06-14 15:13:52] app.ERROR: Cannot register tab "PsshippingCarrierController" because it already exists [] []
[2025-06-14 15:13:52] app.ERROR: Cannot register tab "PsshippingCarrierController" because it already exists [] []
[2025-06-14 15:13:52] app.ERROR: Cannot register tab "PsshippingConfigurationController" because it already exists [] []
[2025-06-14 15:13:52] app.ERROR: Cannot register tab "PsshippingOrdersController" because it already exists [] []
[2025-06-14 15:13:52] app.ERROR: Cannot register tab "PsshippingOrdersController" because it already exists [] []
[2025-06-14 15:13:52] app.ERROR: Cannot register tab "PsshippingOrdersController" because it already exists [] []
[2025-06-14 15:13:52] app.ERROR: Cannot register tab "PsshippingConfigurationController" because it already exists [] []
[2025-06-14 15:13:52] app.ERROR: Cannot register tab "PsshippingConfigurationController" because it already exists [] []
[2025-06-14 15:13:52] app.ERROR: Cannot register tab "PsshippingConfigurationController" because it already exists [] []
[2025-06-14 15:13:52] app.ERROR: Cannot register tab "PsshippingConfigurationController" because it already exists [] []
[2025-06-14 15:13:52] app.ERROR: Cannot register tab "PsshippingConfigurationController" because it already exists [] []
[2025-06-14 15:13:52] app.ERROR: Cannot register tab "PsshippingConfigurationController" because it already exists [] []
[2025-06-14 15:13:52] app.ERROR: Cannot register tab "PsshippingConfigurationController" because it already exists [] []
[2025-06-14 15:13:52] app.ERROR: Cannot register tab "PsshippingKeycloakAuthController" because it already exists [] []
[2025-06-14 15:13:52] app.INFO: Protect vendor folder in module statsbestproducts [] []
[2025-06-14 15:13:52] app.INFO: Module statsbestproducts has no vendor folder [] []
[2025-06-14 15:13:52] app.INFO: Protect vendor folder in module dashproducts [] []
[2025-06-14 15:13:52] app.INFO: Module dashproducts has no vendor folder [] []
[2025-06-14 15:13:52] app.INFO: Protect vendor folder in module dashtrends [] []
[2025-06-14 15:13:52] app.INFO: Module dashtrends has no vendor folder [] []
[2025-06-14 15:13:52] app.INFO: Protect vendor folder in module dashgoals [] []
[2025-06-14 15:13:52] app.INFO: Module dashgoals has no vendor folder [] []
[2025-06-14 15:13:53] app.INFO: Protect vendor folder in module statspersonalinfos [] []
[2025-06-14 15:13:53] app.INFO: Module statspersonalinfos has no vendor folder [] []
[2025-06-14 15:13:53] app.INFO: Protect vendor folder in module pagesnotfound [] []
[2025-06-14 15:13:53] app.INFO: Module pagesnotfound has no vendor folder [] []
[2025-06-14 15:13:53] app.INFO: Protect vendor folder in module ps_distributionapiclient [] []
[2025-06-14 15:13:53] app.INFO: Module ps_distributionapiclient has no vendor folder [] []
[2025-06-14 15:13:53] app.INFO: Protect vendor folder in module ps_metrics [] []
[2025-06-14 15:13:53] app.INFO: Protect vendor folder in module klaviyopsautomation [] []
[2025-06-14 15:13:54] app.INFO: Protect vendor folder in module ps_facebook [] []
[2025-06-14 15:13:54] app.INFO: Protect vendor folder in module ps_wirepayment [] []
[2025-06-14 15:13:54] app.INFO: Module ps_wirepayment has no vendor folder [] []
[2025-06-14 15:13:54] app.INFO: Protect vendor folder in module ps_brandlist [] []
[2025-06-14 15:13:54] app.INFO: Module ps_brandlist has no vendor folder [] []
[2025-06-14 15:13:54] app.INFO: Protect vendor folder in module gridhtml [] []
[2025-06-14 15:13:54] app.INFO: Module gridhtml has no vendor folder [] []
[2025-06-14 15:13:54] app.INFO: Protect vendor folder in module statssearch [] []
[2025-06-14 15:13:54] app.INFO: Module statssearch has no vendor folder [] []
[2025-06-14 15:13:54] app.INFO: Protect vendor folder in module ps_themecusto [] []
[2025-06-14 15:13:54] app.INFO: Module ps_themecusto has no vendor folder [] []
[2025-06-14 15:13:54] app.INFO: Protect vendor folder in module dashactivity [] []
[2025-06-14 15:13:54] app.INFO: Module dashactivity has no vendor folder [] []
[2025-06-14 15:13:54] app.INFO: Protect vendor folder in module ps_crossselling [] []
[2025-06-14 15:13:54] app.INFO: Module ps_crossselling has no vendor folder [] []
[2025-06-14 15:13:54] app.INFO: Protect vendor folder in module statsregistrations [] []
[2025-06-14 15:13:54] app.INFO: Module statsregistrations has no vendor folder [] []
[2025-06-14 15:13:55] app.INFO: Protect vendor folder in module ps_checkout [] []
[2025-06-14 15:13:56] app.INFO: Protect vendor folder in module psxmarketingwithgoogle [] []
[2025-06-14 15:13:56] app.INFO: Protect vendor folder in module gsitemap [] []
[2025-06-14 15:13:56] app.INFO: Module gsitemap has no vendor folder [] []
[2025-06-14 15:13:56] app.INFO: Protect vendor folder in module ps_faviconnotificationbo [] []
[2025-06-14 15:13:56] app.INFO: Module ps_faviconnotificationbo has no vendor folder [] []
[2025-06-14 15:13:56] app.INFO: Protect vendor folder in module ps_cashondelivery [] []
[2025-06-14 15:13:56] app.INFO: Module ps_cashondelivery has no vendor folder [] []
[2025-06-14 15:13:56] app.INFO: Protect vendor folder in module statsforecast [] []
[2025-06-14 15:13:56] app.INFO: Module statsforecast has no vendor folder [] []
[2025-06-14 15:13:56] app.INFO: Protect vendor folder in module statscatalog [] []
[2025-06-14 15:13:56] app.INFO: Module statscatalog has no vendor folder [] []
[2025-06-14 15:13:56] app.INFO: Protect vendor folder in module statsstock [] []
[2025-06-14 15:13:56] app.INFO: Module statsstock has no vendor folder [] []
[2025-06-14 15:17:03] request.INFO: Matched route "admin_themes_enable". {"route":"admin_themes_enable","route_parameters":{"_route":"admin_themes_enable","_controller":"PrestaShop\\Module\\PsxDesign\\Controller\\Admin\\AdminPsxDesignThemeGeneralController::enableAction","_legacy_controller":"AdminThemes","_legacy_link":"AdminThemes:enableTheme","_legacy_parameters":{"theme_name":"themeName"},"themeName":"at_auros"},"request_uri":"https://tcg-collectors.com/admin082vvnopp3nd5wlh82x/index.php/modules/improve/design/at_auros/enable?_token=AtNqrzTTk0ZqzRfBvk1nLhv-0SghOKUkQFJJ06AuLPA","method":"POST"} []
[2025-06-14 15:17:03] security.DEBUG: Read existing security token from the session. {"key":"_security_main","token_class":"Symfony\\Component\\Security\\Core\\Authentication\\Token\\UsernamePasswordToken"} []
[2025-06-14 15:17:03] security.DEBUG: User was reloaded from a user provider. {"provider":"PrestaShopBundle\\Security\\Admin\\EmployeeProvider","username":"bruno@tcg-collectors.com"} []
[2025-06-14 15:17:22] app.INFO: Protect vendor folder in module appagebuilder [] []
[2025-06-14 15:17:22] app.INFO: Module appagebuilder has no vendor folder [] []
[2025-06-14 15:17:24] app.ERROR: SQLSTATE[23000]: Integrity constraint violation: 1062 Duplicate entry 'actionAdminShopControllerSaveAfter' for key 'hook_name' [] []
[2025-06-14 15:17:24] request.CRITICAL: Uncaught PHP Exception PrestaShopException: "SQLSTATE[23000]: Integrity constraint violation: 1062 Duplicate entry 'actionAdminShopControllerSaveAfter' for key 'hook_name'" at /home/playfunc/tcg/classes/db/DbPDO.php line 153 {"exception":"[object] (PrestaShopException(code: 23000): SQLSTATE[23000]: Integrity constraint violation: 1062 Duplicate entry 'actionAdminShopControllerSaveAfter' for key 'hook_name' at /home/playfunc/tcg/classes/db/DbPDO.php:153, PDOException(code: 23000): SQLSTATE[23000]: Integrity constraint violation: 1062 Duplicate entry 'actionAdminShopControllerSaveAfter' for key 'hook_name' at /home/playfunc/tcg/classes/db/DbPDO.php:151)"} []
[2025-06-14 15:17:24] security.DEBUG: Stored the security token in the session. {"key":"_security_main"} []
[2025-06-14 15:18:52] request.INFO: Matched route "admin_themes_enable". {"route":"admin_themes_enable","route_parameters":{"_route":"admin_themes_enable","_controller":"PrestaShop\\Module\\PsxDesign\\Controller\\Admin\\AdminPsxDesignThemeGeneralController::enableAction","_legacy_controller":"AdminThemes","_legacy_link":"AdminThemes:enableTheme","_legacy_parameters":{"theme_name":"themeName"},"themeName":"at_auros"},"request_uri":"https://tcg-collectors.com/admin082vvnopp3nd5wlh82x/index.php/modules/improve/design/at_auros/enable?_token=AtNqrzTTk0ZqzRfBvk1nLhv-0SghOKUkQFJJ06AuLPA","method":"POST"} []
[2025-06-14 15:18:52] security.DEBUG: Read existing security token from the session. {"key":"_security_main","token_class":"Symfony\\Component\\Security\\Core\\Authentication\\Token\\UsernamePasswordToken"} []
[2025-06-14 15:18:52] security.DEBUG: User was reloaded from a user provider. {"provider":"PrestaShopBundle\\Security\\Admin\\EmployeeProvider","username":"bruno@tcg-collectors.com"} []
[2025-06-14 15:18:53] app.INFO: Protect vendor folder in module ps_featuredproducts [] []
[2025-06-14 15:18:53] app.INFO: Module ps_featuredproducts has no vendor folder [] []
[2025-06-14 15:18:56] app.INFO: Protect vendor folder in module leobootstrapmenu [] []
[2025-06-14 15:18:56] app.INFO: Module leobootstrapmenu has no vendor folder [] []
[2025-06-14 15:18:59] app.INFO: Protect vendor folder in module leoslideshow [] []
[2025-06-14 15:18:59] app.INFO: Module leoslideshow has no vendor folder [] []
[2025-06-14 15:19:01] app.INFO: Protect vendor folder in module leofeature [] []
[2025-06-14 15:19:01] app.INFO: Module leofeature has no vendor folder [] []
[2025-06-14 15:19:04] app.INFO: Protect vendor folder in module blockgrouptop [] []
[2025-06-14 15:19:04] app.INFO: Module blockgrouptop has no vendor folder [] []
[2025-06-14 15:19:07] app.INFO: Protect vendor folder in module leoquicklogin [] []
[2025-06-14 15:19:07] app.ERROR: Class "AdminLeoQuickLoginModuleController" not found in controllers/admin nor routing file [] []
[2025-06-14 15:19:09] app.INFO: Protect vendor folder in module leoproductsearch [] []
[2025-06-14 15:19:09] app.INFO: Module leoproductsearch has no vendor folder [] []
[2025-06-14 15:19:09] app.ERROR: Class "AdminLeoProductSearchModuleController" not found in controllers/admin nor routing file [] []
[2025-06-14 15:19:12] security.DEBUG: Stored the security token in the session. {"key":"_security_main"} []
