[2025-06-09T10:13:51.005863+00:00] php.INFO: User Deprecated: Since symfony/validator 6.2: The "loose" mode is deprecated. It will be removed in 7.0 and the default mode will be changed to "html5". {"exception":"[object] (ErrorException(code: 0): User Deprecated: Since symfony/validator 6.2: The \"loose\" mode is deprecated. It will be removed in 7.0 and the default mode will be changed to \"html5\". at /home/playfunc/tcg/vendor/symfony/validator/Constraints/Email.php:82)"} []
[2025-06-09T10:13:51.006354+00:00] php.INFO: User Deprecated: Since symfony/validator 6.2: The "loose" mode is deprecated. It will be removed in 7.0 and the default mode will be changed to "html5". {"exception":"[object] (ErrorException(code: 0): User Deprecated: Since symfony/validator 6.2: The \"loose\" mode is deprecated. It will be removed in 7.0 and the default mode will be changed to \"html5\". at /home/playfunc/tcg/vendor/symfony/validator/Constraints/EmailValidator.php:48)"} []
[2025-06-09T10:13:51.137348+00:00] php.INFO: User Deprecated: Not configuring a schema manager factory is deprecated. Use Doctrine\DBAL\Schema\DefaultSchemaManagerFactory which is going to be the default in DBAL 4. (Connection.php:227 called by DriverManager.php:197, https://github.com/doctrine/dbal/issues/5812, package doctrine/dbal) {"exception":"[object] (ErrorException(code: 0): User Deprecated: Not configuring a schema manager factory is deprecated. Use Doctrine\\DBAL\\Schema\\DefaultSchemaManagerFactory which is going to be the default in DBAL 4. (Connection.php:227 called by DriverManager.php:197, https://github.com/doctrine/dbal/issues/5812, package doctrine/dbal) at /home/playfunc/tcg/vendor/doctrine/deprecations/src/Deprecation.php:208)"} []
[2025-06-09T10:13:51.140539+00:00] php.INFO: User Deprecated: Since symfony/doctrine-bridge 6.3: The "Symfony\Bridge\Doctrine\SchemaListener\MessengerTransportDoctrineSchemaSubscriber" class is deprecated. Use "Symfony\Bridge\Doctrine\SchemaListener\MessengerTransportDoctrineSchemaListener" instead. {"exception":"[object] (ErrorException(code: 0): User Deprecated: Since symfony/doctrine-bridge 6.3: The \"Symfony\\Bridge\\Doctrine\\SchemaListener\\MessengerTransportDoctrineSchemaSubscriber\" class is deprecated. Use \"Symfony\\Bridge\\Doctrine\\SchemaListener\\MessengerTransportDoctrineSchemaListener\" instead. at /home/playfunc/tcg/vendor/symfony/doctrine-bridge/SchemaListener/MessengerTransportDoctrineSchemaSubscriber.php:18)"} []
[2025-06-09T10:13:51.141703+00:00] php.INFO: User Deprecated: Since symfony/doctrine-bridge 6.3: Registering "Symfony\Bridge\Doctrine\SchemaListener\MessengerTransportDoctrineSchemaSubscriber" as a Doctrine subscriber is deprecated. Register it as a listener instead, using e.g. the #[AsDoctrineListener] or #[AsDocumentListener] attribute. {"exception":"[object] (ErrorException(code: 0): User Deprecated: Since symfony/doctrine-bridge 6.3: Registering \"Symfony\\Bridge\\Doctrine\\SchemaListener\\MessengerTransportDoctrineSchemaSubscriber\" as a Doctrine subscriber is deprecated. Register it as a listener instead, using e.g. the #[AsDoctrineListener] or #[AsDocumentListener] attribute. at /home/playfunc/tcg/vendor/symfony/doctrine-bridge/ContainerAwareEventManager.php:211)"} []
[2025-06-09T10:13:51.142570+00:00] php.INFO: User Deprecated: Since symfony/doctrine-bridge 6.3: The "Symfony\Bridge\Doctrine\SchemaListener\DoctrineDbalCacheAdapterSchemaSubscriber" class is deprecated. Use "Symfony\Bridge\Doctrine\SchemaListener\DoctrineDbalCacheAdapterSchemaListener" instead. {"exception":"[object] (ErrorException(code: 0): User Deprecated: Since symfony/doctrine-bridge 6.3: The \"Symfony\\Bridge\\Doctrine\\SchemaListener\\DoctrineDbalCacheAdapterSchemaSubscriber\" class is deprecated. Use \"Symfony\\Bridge\\Doctrine\\SchemaListener\\DoctrineDbalCacheAdapterSchemaListener\" instead. at /home/playfunc/tcg/vendor/symfony/doctrine-bridge/SchemaListener/DoctrineDbalCacheAdapterSchemaSubscriber.php:17)"} []
[2025-06-09T10:13:51.143064+00:00] php.INFO: User Deprecated: Since symfony/doctrine-bridge 6.3: Registering "Symfony\Bridge\Doctrine\SchemaListener\DoctrineDbalCacheAdapterSchemaSubscriber" as a Doctrine subscriber is deprecated. Register it as a listener instead, using e.g. the #[AsDoctrineListener] or #[AsDocumentListener] attribute. {"exception":"[object] (ErrorException(code: 0): User Deprecated: Since symfony/doctrine-bridge 6.3: Registering \"Symfony\\Bridge\\Doctrine\\SchemaListener\\DoctrineDbalCacheAdapterSchemaSubscriber\" as a Doctrine subscriber is deprecated. Register it as a listener instead, using e.g. the #[AsDoctrineListener] or #[AsDocumentListener] attribute. at /home/playfunc/tcg/vendor/symfony/doctrine-bridge/ContainerAwareEventManager.php:211)"} []
[2025-06-09T10:13:51.143676+00:00] php.INFO: User Deprecated: Since symfony/doctrine-bridge 6.3: The "Symfony\Bridge\Doctrine\SchemaListener\RememberMeTokenProviderDoctrineSchemaSubscriber" class is deprecated. Use "Symfony\Bridge\Doctrine\SchemaListener\RememberMeTokenProviderDoctrineSchemaListener" instead. {"exception":"[object] (ErrorException(code: 0): User Deprecated: Since symfony/doctrine-bridge 6.3: The \"Symfony\\Bridge\\Doctrine\\SchemaListener\\RememberMeTokenProviderDoctrineSchemaSubscriber\" class is deprecated. Use \"Symfony\\Bridge\\Doctrine\\SchemaListener\\RememberMeTokenProviderDoctrineSchemaListener\" instead. at /home/playfunc/tcg/vendor/symfony/doctrine-bridge/SchemaListener/RememberMeTokenProviderDoctrineSchemaSubscriber.php:18)"} []
[2025-06-09T10:13:51.143824+00:00] php.INFO: User Deprecated: Since symfony/doctrine-bridge 6.3: Registering "Symfony\Bridge\Doctrine\SchemaListener\RememberMeTokenProviderDoctrineSchemaSubscriber" as a Doctrine subscriber is deprecated. Register it as a listener instead, using e.g. the #[AsDoctrineListener] or #[AsDocumentListener] attribute. {"exception":"[object] (ErrorException(code: 0): User Deprecated: Since symfony/doctrine-bridge 6.3: Registering \"Symfony\\Bridge\\Doctrine\\SchemaListener\\RememberMeTokenProviderDoctrineSchemaSubscriber\" as a Doctrine subscriber is deprecated. Register it as a listener instead, using e.g. the #[AsDoctrineListener] or #[AsDocumentListener] attribute. at /home/playfunc/tcg/vendor/symfony/doctrine-bridge/ContainerAwareEventManager.php:211)"} []
[2025-06-09T10:13:51.159424+00:00] php.INFO: User Deprecated: Since symfony/framework-bundle 6.4: The "annotations.cached_reader" service is deprecated without replacement. {"exception":"[object] (ErrorException(code: 0): User Deprecated: Since symfony/framework-bundle 6.4: The \"annotations.cached_reader\" service is deprecated without replacement. at /home/playfunc/tcg/var/cache/prod/admin/ContainerWxZOuiY/getAnnotations_CachedReaderService.php:23)"} []
[2025-06-09T10:13:51.159989+00:00] php.INFO: User Deprecated: Since symfony/framework-bundle 6.4: The "annotations.reader" service is deprecated without replacement. {"exception":"[object] (ErrorException(code: 0): User Deprecated: Since symfony/framework-bundle 6.4: The \"annotations.reader\" service is deprecated without replacement. at /home/playfunc/tcg/var/cache/prod/admin/ContainerWxZOuiY/getAnnotations_ReaderService.php:23)"} []
[2025-06-09T10:13:51.162922+00:00] php.INFO: User Deprecated: Since symfony/framework-bundle 6.4: The "annotations.cache_adapter" service is deprecated without replacement. {"exception":"[object] (ErrorException(code: 0): User Deprecated: Since symfony/framework-bundle 6.4: The \"annotations.cache_adapter\" service is deprecated without replacement. at /home/playfunc/tcg/var/cache/prod/admin/ContainerWxZOuiY/getAnnotations_CacheAdapterService.php:23)"} []
[2025-06-09T10:13:51.164407+00:00] php.INFO: User Deprecated: The annotation mapping driver is deprecated and will be removed in Doctrine ORM 3.0, please migrate to the attribute or XML driver. (AnnotationDriver.php:68 called by AdminKernelProdContainer.php:4457, https://github.com/doctrine/orm/issues/10098, package doctrine/orm) {"exception":"[object] (ErrorException(code: 0): User Deprecated: The annotation mapping driver is deprecated and will be removed in Doctrine ORM 3.0, please migrate to the attribute or XML driver. (AnnotationDriver.php:68 called by AdminKernelProdContainer.php:4457, https://github.com/doctrine/orm/issues/10098, package doctrine/orm) at /home/playfunc/tcg/vendor/doctrine/deprecations/src/Deprecation.php:208)"} []
[2025-06-09T10:13:51.164434+00:00] php.INFO: User Deprecated: In ORM 3.0, the AttributeDriver will report fields for the classes where they are declared. This may uncover invalid mapping configurations. To opt into the new mode also with the AnnotationDriver today, set the "reportFieldsWhereDeclared" constructor parameter to true. (AnnotationDriver.php:79 called by AdminKernelProdContainer.php:4457, https://github.com/doctrine/orm/pull/10455, package doctrine/orm) {"exception":"[object] (ErrorException(code: 0): User Deprecated: In ORM 3.0, the AttributeDriver will report fields for the classes where they are declared. This may uncover invalid mapping configurations. To opt into the new mode also with the AnnotationDriver today, set the \"reportFieldsWhereDeclared\" constructor parameter to true. (AnnotationDriver.php:79 called by AdminKernelProdContainer.php:4457, https://github.com/doctrine/orm/pull/10455, package doctrine/orm) at /home/playfunc/tcg/vendor/doctrine/deprecations/src/Deprecation.php:208)"} []
[2025-06-09T10:13:51.166226+00:00] php.INFO: User Deprecated: Doctrine\ORM\EntityManager::create() is deprecated. To bootstrap a DBAL connection, call Doctrine\DBAL\DriverManager::getConnection() instead. Use the constructor to create an instance of Doctrine\ORM\EntityManager. (EntityManager.php:1001 called by AdminKernelProdContainer.php:2862, https://github.com/doctrine/orm/pull/9961, package doctrine/orm) {"exception":"[object] (ErrorException(code: 0): User Deprecated: Doctrine\\ORM\\EntityManager::create() is deprecated. To bootstrap a DBAL connection, call Doctrine\\DBAL\\DriverManager::getConnection() instead. Use the constructor to create an instance of Doctrine\\ORM\\EntityManager. (EntityManager.php:1001 called by AdminKernelProdContainer.php:2862, https://github.com/doctrine/orm/pull/9961, package doctrine/orm) at /home/playfunc/tcg/vendor/doctrine/deprecations/src/Deprecation.php:208)"} []
[2025-06-09T10:13:51.166267+00:00] php.INFO: User Deprecated: Doctrine\DBAL\Connection::getEventManager is deprecated. (Connection.php:302 called by EntityManager.php:166, https://github.com/doctrine/dbal/issues/5784, package doctrine/dbal) {"exception":"[object] (ErrorException(code: 0): User Deprecated: Doctrine\\DBAL\\Connection::getEventManager is deprecated. (Connection.php:302 called by EntityManager.php:166, https://github.com/doctrine/dbal/issues/5784, package doctrine/dbal) at /home/playfunc/tcg/vendor/doctrine/deprecations/src/Deprecation.php:208)"} []
[2025-06-09T10:13:51.169664+00:00] php.INFO: User Deprecated: Not enabling lazy ghost objects is deprecated and will not be supported in Doctrine ORM 3.0. Ensure Doctrine\ORM\Configuration::setLazyGhostObjectEnabled(true) is called to enable them. (ProxyFactory.php:169 called by EntityManager.php:181, https://github.com/doctrine/orm/pull/10837/, package doctrine/orm) {"exception":"[object] (ErrorException(code: 0): User Deprecated: Not enabling lazy ghost objects is deprecated and will not be supported in Doctrine ORM 3.0. Ensure Doctrine\\ORM\\Configuration::setLazyGhostObjectEnabled(true) is called to enable them. (ProxyFactory.php:169 called by EntityManager.php:181, https://github.com/doctrine/orm/pull/10837/, package doctrine/orm) at /home/playfunc/tcg/vendor/doctrine/deprecations/src/Deprecation.php:208)"} []
[2025-06-09T11:13:51.297642+01:00] app.INFO: Protect vendor folder in module graphnvd3 [] []
[2025-06-09T11:13:51.301214+01:00] app.INFO: Module graphnvd3 has no vendor folder [] []
[2025-06-09T11:13:53.298300+01:00] app.INFO: Protect vendor folder in module gamification [] []
[2025-06-09T11:13:53.361234+01:00] app.INFO: Protect vendor folder in module statsbestcustomers [] []
[2025-06-09T11:13:53.362707+01:00] app.INFO: Module statsbestcustomers has no vendor folder [] []
[2025-06-09T11:13:53.403824+01:00] app.INFO: Protect vendor folder in module statsbestmanufacturers [] []
[2025-06-09T11:13:53.405643+01:00] app.INFO: Module statsbestmanufacturers has no vendor folder [] []
[2025-06-09T11:13:53.493012+01:00] app.INFO: Protect vendor folder in module ps_googleanalytics [] []
[2025-06-09T11:13:53.495374+01:00] app.INFO: Module ps_googleanalytics has no vendor folder [] []
[2025-06-09T11:13:53.986896+01:00] app.INFO: Protect vendor folder in module ps_eventbus [] []
[2025-06-09T11:13:54.065015+01:00] app.INFO: Protect vendor folder in module statsbestcategories [] []
[2025-06-09T11:13:54.066960+01:00] app.INFO: Module statsbestcategories has no vendor folder [] []
[2025-06-09T10:13:54.157201+00:00] php.INFO: User Deprecated: Since PrestaShop\PrestaShop 9: The "prestashop.adapter.cache.clearer.symfony_cache_clearer" service alias is deprecated. You should stop using it, as it will be removed in the future. {"exception":"[object] (ErrorException(code: 0): User Deprecated: Since PrestaShop\\PrestaShop 9: The \"prestashop.adapter.cache.clearer.symfony_cache_clearer\" service alias is deprecated. You should stop using it, as it will be removed in the future. at /home/playfunc/tcg/var/cache/prod/admin/ContainerWxZOuiY/AdminKernelProdContainer.php:5523)"} []
[2025-06-09T11:13:54.197829+01:00] app.INFO: Protect vendor folder in module ps_classic_edition [] []
[2025-06-09T11:13:54.257601+01:00] app.INFO: Protect vendor folder in module statsbestsuppliers [] []
[2025-06-09T11:13:54.259241+01:00] app.INFO: Module statsbestsuppliers has no vendor folder [] []
[2025-06-09T11:13:54.290912+01:00] app.INFO: Protect vendor folder in module statsnewsletter [] []
[2025-06-09T11:13:54.292334+01:00] app.INFO: Module statsnewsletter has no vendor folder [] []
[2025-06-09T11:13:54.336497+01:00] app.INFO: Protect vendor folder in module ps_viewedproduct [] []
[2025-06-09T11:13:54.338291+01:00] app.INFO: Module ps_viewedproduct has no vendor folder [] []
[2025-06-09T11:13:54.475244+01:00] app.INFO: Protect vendor folder in module ps_emailalerts [] []
[2025-06-09T11:13:54.477313+01:00] app.INFO: Module ps_emailalerts has no vendor folder [] []
[2025-06-09T11:13:54.530361+01:00] app.INFO: Protect vendor folder in module statssales [] []
[2025-06-09T11:13:54.533174+01:00] app.INFO: Module statssales has no vendor folder [] []
[2025-06-09T11:13:54.575136+01:00] app.INFO: Protect vendor folder in module ps_dataprivacy [] []
[2025-06-09T11:13:54.578292+01:00] app.INFO: Module ps_dataprivacy has no vendor folder [] []
[2025-06-09T11:13:54.618499+01:00] app.INFO: Protect vendor folder in module statsdata [] []
[2025-06-09T11:13:54.620211+01:00] app.INFO: Module statsdata has no vendor folder [] []
[2025-06-09T11:13:54.649597+01:00] app.INFO: Protect vendor folder in module statsbestvouchers [] []
[2025-06-09T11:13:54.651289+01:00] app.INFO: Module statsbestvouchers has no vendor folder [] []
[2025-06-09T11:13:54.712180+01:00] app.INFO: Protect vendor folder in module statsproduct [] []
[2025-06-09T11:13:54.714624+01:00] app.INFO: Module statsproduct has no vendor folder [] []
[2025-06-09T11:13:54.800512+01:00] app.INFO: Protect vendor folder in module statscheckup [] []
[2025-06-09T11:13:54.803293+01:00] app.INFO: Module statscheckup has no vendor folder [] []
[2025-06-09T10:13:55.102364+00:00] php.INFO: User Deprecated: Since PrestaShop\PrestaShop 9: The "prestashop.adapter.cache.clearer.symfony_cache_clearer" service alias is deprecated. You should stop using it, as it will be removed in the future. {"exception":"[object] (ErrorException(code: 0): User Deprecated: Since PrestaShop\\PrestaShop 9: The \"prestashop.adapter.cache.clearer.symfony_cache_clearer\" service alias is deprecated. You should stop using it, as it will be removed in the future. at /home/playfunc/tcg/var/cache/prod/admin/ContainerWxZOuiY/AdminKernelProdContainer.php:5523)"} []
[2025-06-09T11:13:55.299479+01:00] app.INFO: Protect vendor folder in module ps_mbo [] []
[2025-06-09T11:13:55.360366+01:00] app.INFO: Protect vendor folder in module ps_categoryproducts [] []
[2025-06-09T11:13:55.362227+01:00] app.INFO: Module ps_categoryproducts has no vendor folder [] []
[2025-06-09T11:13:55.462152+01:00] app.INFO: Protect vendor folder in module ps_checkpayment [] []
[2025-06-09T11:13:55.464498+01:00] app.INFO: Module ps_checkpayment has no vendor folder [] []
[2025-06-09T11:13:55.514412+01:00] app.INFO: Protect vendor folder in module ps_supplierlist [] []
[2025-06-09T11:13:55.516837+01:00] app.INFO: Module ps_supplierlist has no vendor folder [] []
[2025-06-09T11:13:55.564271+01:00] app.INFO: Protect vendor folder in module statscarrier [] []
[2025-06-09T11:13:55.566604+01:00] app.INFO: Module statscarrier has no vendor folder [] []
[2025-06-09T10:13:56.384648+00:00] php.INFO: User Deprecated: Since PrestaShop\PrestaShop 9: The "prestashop.adapter.cache.clearer.symfony_cache_clearer" service alias is deprecated. You should stop using it, as it will be removed in the future. {"exception":"[object] (ErrorException(code: 0): User Deprecated: Since PrestaShop\\PrestaShop 9: The \"prestashop.adapter.cache.clearer.symfony_cache_clearer\" service alias is deprecated. You should stop using it, as it will be removed in the future. at /home/playfunc/tcg/var/cache/prod/admin/ContainerWxZOuiY/AdminKernelProdContainer.php:5523)"} []
[2025-06-09T11:13:56.405231+01:00] app.INFO: Protect vendor folder in module psshipping [] []
[2025-06-09T11:13:56.479372+01:00] app.ERROR: Cannot register tab "PsshippingCarrierController" because it already exists [] []
[2025-06-09T11:13:56.490951+01:00] app.ERROR: Cannot register tab "PsshippingCarrierController" because it already exists [] []
[2025-06-09T11:13:56.502911+01:00] app.ERROR: Cannot register tab "PsshippingCarrierController" because it already exists [] []
[2025-06-09T11:13:56.535332+01:00] app.ERROR: Cannot register tab "PsshippingConfigurationController" because it already exists [] []
[2025-06-09T11:13:56.603836+01:00] app.ERROR: Cannot register tab "PsshippingOrdersController" because it already exists [] []
[2025-06-09T11:13:56.612647+01:00] app.ERROR: Cannot register tab "PsshippingOrdersController" because it already exists [] []
[2025-06-09T11:13:56.617909+01:00] app.ERROR: Cannot register tab "PsshippingOrdersController" because it already exists [] []
[2025-06-09T11:13:56.623220+01:00] app.ERROR: Cannot register tab "PsshippingConfigurationController" because it already exists [] []
[2025-06-09T11:13:56.628348+01:00] app.ERROR: Cannot register tab "PsshippingConfigurationController" because it already exists [] []
[2025-06-09T11:13:56.633430+01:00] app.ERROR: Cannot register tab "PsshippingConfigurationController" because it already exists [] []
[2025-06-09T11:13:56.638584+01:00] app.ERROR: Cannot register tab "PsshippingConfigurationController" because it already exists [] []
[2025-06-09T11:13:56.643606+01:00] app.ERROR: Cannot register tab "PsshippingConfigurationController" because it already exists [] []
[2025-06-09T11:13:56.652189+01:00] app.ERROR: Cannot register tab "PsshippingConfigurationController" because it already exists [] []
[2025-06-09T11:13:56.660433+01:00] app.ERROR: Cannot register tab "PsshippingConfigurationController" because it already exists [] []
[2025-06-09T11:13:56.669271+01:00] app.ERROR: Cannot register tab "PsshippingKeycloakAuthController" because it already exists [] []
[2025-06-09T11:13:56.742563+01:00] app.INFO: Protect vendor folder in module statsbestproducts [] []
[2025-06-09T11:13:56.744485+01:00] app.INFO: Module statsbestproducts has no vendor folder [] []
[2025-06-09T11:13:56.831776+01:00] app.INFO: Protect vendor folder in module dashproducts [] []
[2025-06-09T11:13:56.833506+01:00] app.INFO: Module dashproducts has no vendor folder [] []
[2025-06-09T11:13:56.931490+01:00] app.INFO: Protect vendor folder in module dashtrends [] []
[2025-06-09T11:13:56.933600+01:00] app.INFO: Module dashtrends has no vendor folder [] []
[2025-06-09T11:13:57.090696+01:00] app.INFO: Protect vendor folder in module dashgoals [] []
[2025-06-09T11:13:57.092756+01:00] app.INFO: Module dashgoals has no vendor folder [] []
[2025-06-09T11:13:57.148447+01:00] app.INFO: Protect vendor folder in module statspersonalinfos [] []
[2025-06-09T11:13:57.151741+01:00] app.INFO: Module statspersonalinfos has no vendor folder [] []
[2025-06-09T11:13:57.207078+01:00] app.INFO: Protect vendor folder in module pagesnotfound [] []
[2025-06-09T11:13:57.209643+01:00] app.INFO: Module pagesnotfound has no vendor folder [] []
[2025-06-09T11:13:57.250640+01:00] app.INFO: Protect vendor folder in module ps_distributionapiclient [] []
[2025-06-09T11:13:57.254912+01:00] app.INFO: Module ps_distributionapiclient has no vendor folder [] []
[2025-06-09T11:13:57.480426+01:00] app.INFO: Protect vendor folder in module ps_facebook [] []
[2025-06-09T11:13:57.577590+01:00] app.INFO: Protect vendor folder in module ps_wirepayment [] []
[2025-06-09T11:13:57.579609+01:00] app.INFO: Module ps_wirepayment has no vendor folder [] []
[2025-06-09T11:13:57.625339+01:00] app.INFO: Protect vendor folder in module ps_brandlist [] []
[2025-06-09T11:13:57.627399+01:00] app.INFO: Module ps_brandlist has no vendor folder [] []
[2025-06-09T11:13:57.682242+01:00] app.INFO: Protect vendor folder in module gridhtml [] []
[2025-06-09T11:13:57.684460+01:00] app.INFO: Module gridhtml has no vendor folder [] []
[2025-06-09T11:13:57.727928+01:00] app.INFO: Protect vendor folder in module statssearch [] []
[2025-06-09T11:13:57.730151+01:00] app.INFO: Module statssearch has no vendor folder [] []
[2025-06-09T11:13:57.973746+01:00] app.INFO: Protect vendor folder in module ps_accounts [] []
[2025-06-09T11:13:58.183168+01:00] app.INFO: Protect vendor folder in module ps_themecusto [] []
[2025-06-09T11:13:58.185794+01:00] app.INFO: Module ps_themecusto has no vendor folder [] []
[2025-06-09T11:13:58.282519+01:00] app.INFO: Protect vendor folder in module dashactivity [] []
[2025-06-09T11:13:58.284686+01:00] app.INFO: Module dashactivity has no vendor folder [] []
[2025-06-09T11:13:58.342611+01:00] app.INFO: Protect vendor folder in module ps_crossselling [] []
[2025-06-09T11:13:58.344367+01:00] app.INFO: Module ps_crossselling has no vendor folder [] []
[2025-06-09T11:13:58.391709+01:00] app.INFO: Protect vendor folder in module statsregistrations [] []
[2025-06-09T11:13:58.394465+01:00] app.INFO: Module statsregistrations has no vendor folder [] []
[2025-06-09T11:13:58.895163+01:00] app.INFO: Protect vendor folder in module ps_checkout [] []
[2025-06-09T11:13:59.784629+01:00] app.INFO: Protect vendor folder in module psxmarketingwithgoogle [] []
[2025-06-09T11:13:59.910200+01:00] app.INFO: Protect vendor folder in module gsitemap [] []
[2025-06-09T11:13:59.912791+01:00] app.INFO: Module gsitemap has no vendor folder [] []
[2025-06-09T11:14:00.019644+01:00] app.INFO: Protect vendor folder in module ps_faviconnotificationbo [] []
[2025-06-09T11:14:00.022973+01:00] app.INFO: Module ps_faviconnotificationbo has no vendor folder [] []
[2025-06-09T11:14:00.100101+01:00] app.INFO: Protect vendor folder in module ps_cashondelivery [] []
[2025-06-09T11:14:00.101889+01:00] app.INFO: Module ps_cashondelivery has no vendor folder [] []
[2025-06-09T11:14:00.180182+01:00] app.INFO: Protect vendor folder in module statsforecast [] []
[2025-06-09T11:14:00.182694+01:00] app.INFO: Module statsforecast has no vendor folder [] []
[2025-06-09T11:14:00.233242+01:00] app.INFO: Protect vendor folder in module statscatalog [] []
[2025-06-09T11:14:00.235220+01:00] app.INFO: Module statscatalog has no vendor folder [] []
[2025-06-09T11:14:00.288969+01:00] app.INFO: Protect vendor folder in module statsstock [] []
[2025-06-09T11:14:00.291075+01:00] app.INFO: Module statsstock has no vendor folder [] []
[2025-06-09T11:14:00.327208+01:00] app.INFO: Protect vendor folder in module ps_apiresources [] []
[2025-06-09T11:14:00.328986+01:00] app.INFO: Module ps_apiresources has no vendor folder [] []
[2025-06-09T11:14:02.316962+01:00] app.INFO: SymfonyCacheClearer: Successfully cleared cache for admin env prod [] []
[2025-06-09T11:14:12.645652+01:00] app.INFO: SymfonyCacheClearer: Successfully warmed up cache for admin env prod [] []
[2025-06-09T11:14:12.648360+01:00] app.INFO: SymfonyCacheClearer: No cache to clear for admin env dev [] []
[2025-06-09T11:14:12.650687+01:00] app.INFO: SymfonyCacheClearer: No cache to clear for admin-api env prod [] []
[2025-06-09T11:14:12.652673+01:00] app.INFO: SymfonyCacheClearer: No cache to clear for admin-api env dev [] []
[2025-06-09T11:14:12.654923+01:00] app.INFO: SymfonyCacheClearer: No cache to clear for front env prod [] []
[2025-06-09T11:14:12.656969+01:00] app.INFO: SymfonyCacheClearer: No cache to clear for front env dev [] []
[2025-06-09T11:18:02.734627+01:00] php.INFO: User Deprecated: Not configuring a schema manager factory is deprecated. Use Doctrine\DBAL\Schema\DefaultSchemaManagerFactory which is going to be the default in DBAL 4. (Connection.php:227 called by DriverManager.php:197, https://github.com/doctrine/dbal/issues/5812, package doctrine/dbal) {"exception":"[object] (ErrorException(code: 0): User Deprecated: Not configuring a schema manager factory is deprecated. Use Doctrine\\DBAL\\Schema\\DefaultSchemaManagerFactory which is going to be the default in DBAL 4. (Connection.php:227 called by DriverManager.php:197, https://github.com/doctrine/dbal/issues/5812, package doctrine/dbal) at /home/playfunc/tcg/vendor/doctrine/deprecations/src/Deprecation.php:208)"} []
[2025-06-09T11:18:02.739279+01:00] php.INFO: User Deprecated: Since symfony/doctrine-bridge 6.3: The "Symfony\Bridge\Doctrine\SchemaListener\MessengerTransportDoctrineSchemaSubscriber" class is deprecated. Use "Symfony\Bridge\Doctrine\SchemaListener\MessengerTransportDoctrineSchemaListener" instead. {"exception":"[object] (ErrorException(code: 0): User Deprecated: Since symfony/doctrine-bridge 6.3: The \"Symfony\\Bridge\\Doctrine\\SchemaListener\\MessengerTransportDoctrineSchemaSubscriber\" class is deprecated. Use \"Symfony\\Bridge\\Doctrine\\SchemaListener\\MessengerTransportDoctrineSchemaListener\" instead. at /home/playfunc/tcg/vendor/symfony/doctrine-bridge/SchemaListener/MessengerTransportDoctrineSchemaSubscriber.php:18)"} []
[2025-06-09T11:18:02.739506+01:00] php.INFO: User Deprecated: Since symfony/doctrine-bridge 6.3: Registering "Symfony\Bridge\Doctrine\SchemaListener\MessengerTransportDoctrineSchemaSubscriber" as a Doctrine subscriber is deprecated. Register it as a listener instead, using e.g. the #[AsDoctrineListener] or #[AsDocumentListener] attribute. {"exception":"[object] (ErrorException(code: 0): User Deprecated: Since symfony/doctrine-bridge 6.3: Registering \"Symfony\\Bridge\\Doctrine\\SchemaListener\\MessengerTransportDoctrineSchemaSubscriber\" as a Doctrine subscriber is deprecated. Register it as a listener instead, using e.g. the #[AsDoctrineListener] or #[AsDocumentListener] attribute. at /home/playfunc/tcg/vendor/symfony/doctrine-bridge/ContainerAwareEventManager.php:211)"} []
[2025-06-09T11:18:02.739739+01:00] php.INFO: User Deprecated: Since symfony/doctrine-bridge 6.3: The "Symfony\Bridge\Doctrine\SchemaListener\DoctrineDbalCacheAdapterSchemaSubscriber" class is deprecated. Use "Symfony\Bridge\Doctrine\SchemaListener\DoctrineDbalCacheAdapterSchemaListener" instead. {"exception":"[object] (ErrorException(code: 0): User Deprecated: Since symfony/doctrine-bridge 6.3: The \"Symfony\\Bridge\\Doctrine\\SchemaListener\\DoctrineDbalCacheAdapterSchemaSubscriber\" class is deprecated. Use \"Symfony\\Bridge\\Doctrine\\SchemaListener\\DoctrineDbalCacheAdapterSchemaListener\" instead. at /home/playfunc/tcg/vendor/symfony/doctrine-bridge/SchemaListener/DoctrineDbalCacheAdapterSchemaSubscriber.php:17)"} []
[2025-06-09T11:18:02.739842+01:00] php.INFO: User Deprecated: Since symfony/doctrine-bridge 6.3: Registering "Symfony\Bridge\Doctrine\SchemaListener\DoctrineDbalCacheAdapterSchemaSubscriber" as a Doctrine subscriber is deprecated. Register it as a listener instead, using e.g. the #[AsDoctrineListener] or #[AsDocumentListener] attribute. {"exception":"[object] (ErrorException(code: 0): User Deprecated: Since symfony/doctrine-bridge 6.3: Registering \"Symfony\\Bridge\\Doctrine\\SchemaListener\\DoctrineDbalCacheAdapterSchemaSubscriber\" as a Doctrine subscriber is deprecated. Register it as a listener instead, using e.g. the #[AsDoctrineListener] or #[AsDocumentListener] attribute. at /home/playfunc/tcg/vendor/symfony/doctrine-bridge/ContainerAwareEventManager.php:211)"} []
[2025-06-09T11:18:02.739993+01:00] php.INFO: User Deprecated: Since symfony/doctrine-bridge 6.3: The "Symfony\Bridge\Doctrine\SchemaListener\RememberMeTokenProviderDoctrineSchemaSubscriber" class is deprecated. Use "Symfony\Bridge\Doctrine\SchemaListener\RememberMeTokenProviderDoctrineSchemaListener" instead. {"exception":"[object] (ErrorException(code: 0): User Deprecated: Since symfony/doctrine-bridge 6.3: The \"Symfony\\Bridge\\Doctrine\\SchemaListener\\RememberMeTokenProviderDoctrineSchemaSubscriber\" class is deprecated. Use \"Symfony\\Bridge\\Doctrine\\SchemaListener\\RememberMeTokenProviderDoctrineSchemaListener\" instead. at /home/playfunc/tcg/vendor/symfony/doctrine-bridge/SchemaListener/RememberMeTokenProviderDoctrineSchemaSubscriber.php:18)"} []
[2025-06-09T11:18:02.740103+01:00] php.INFO: User Deprecated: Since symfony/doctrine-bridge 6.3: Registering "Symfony\Bridge\Doctrine\SchemaListener\RememberMeTokenProviderDoctrineSchemaSubscriber" as a Doctrine subscriber is deprecated. Register it as a listener instead, using e.g. the #[AsDoctrineListener] or #[AsDocumentListener] attribute. {"exception":"[object] (ErrorException(code: 0): User Deprecated: Since symfony/doctrine-bridge 6.3: Registering \"Symfony\\Bridge\\Doctrine\\SchemaListener\\RememberMeTokenProviderDoctrineSchemaSubscriber\" as a Doctrine subscriber is deprecated. Register it as a listener instead, using e.g. the #[AsDoctrineListener] or #[AsDocumentListener] attribute. at /home/playfunc/tcg/vendor/symfony/doctrine-bridge/ContainerAwareEventManager.php:211)"} []
[2025-06-09T11:18:02.744197+01:00] request.INFO: Matched route "admin_homepage". {"route":"admin_homepage","route_parameters":{"_route":"admin_homepage","_controller":"PrestaShopBundle\\Controller\\Admin\\LoginController::homepageAction"},"request_uri":"https://tcg-collectors.com/admin/","method":"GET"} []
[2025-06-09T11:18:02.745243+01:00] php.INFO: User Deprecated: Since symfony/framework-bundle 6.4: The "annotations.cached_reader" service is deprecated without replacement. {"exception":"[object] (ErrorException(code: 0): User Deprecated: Since symfony/framework-bundle 6.4: The \"annotations.cached_reader\" service is deprecated without replacement. at /home/playfunc/tcg/var/cache/prod/admin/Container9YAwr4P/getAnnotations_CachedReaderService.php:23)"} []
[2025-06-09T11:18:02.745479+01:00] php.INFO: User Deprecated: Since symfony/framework-bundle 6.4: The "annotations.reader" service is deprecated without replacement. {"exception":"[object] (ErrorException(code: 0): User Deprecated: Since symfony/framework-bundle 6.4: The \"annotations.reader\" service is deprecated without replacement. at /home/playfunc/tcg/var/cache/prod/admin/Container9YAwr4P/getAnnotations_ReaderService.php:23)"} []
[2025-06-09T11:18:02.746007+01:00] php.INFO: User Deprecated: Since symfony/framework-bundle 6.4: The "annotations.cache_adapter" service is deprecated without replacement. {"exception":"[object] (ErrorException(code: 0): User Deprecated: Since symfony/framework-bundle 6.4: The \"annotations.cache_adapter\" service is deprecated without replacement. at /home/playfunc/tcg/var/cache/prod/admin/Container9YAwr4P/getAnnotations_CacheAdapterService.php:23)"} []
[2025-06-09T11:18:02.746188+01:00] php.INFO: User Deprecated: Since symfony/validator 6.4: Method "Symfony\Component\Validator\ValidatorBuilder::setDoctrineAnnotationReader()" is deprecated without replacement. {"exception":"[object] (ErrorException(code: 0): User Deprecated: Since symfony/validator 6.4: Method \"Symfony\\Component\\Validator\\ValidatorBuilder::setDoctrineAnnotationReader()\" is deprecated without replacement. at /home/playfunc/tcg/vendor/symfony/validator/ValidatorBuilder.php:252)"} []
[2025-06-09T11:18:02.749344+01:00] php.INFO: User Deprecated: Since symfony/serializer 6.4: Passing a "Doctrine\Common\Annotations\PsrCachedReader" instance as argument 1 to "Symfony\Component\Serializer\Mapping\Loader\AttributeLoader::__construct()" is deprecated, pass null or omit the parameter instead. {"exception":"[object] (ErrorException(code: 0): User Deprecated: Since symfony/serializer 6.4: Passing a \"Doctrine\\Common\\Annotations\\PsrCachedReader\" instance as argument 1 to \"Symfony\\Component\\Serializer\\Mapping\\Loader\\AttributeLoader::__construct()\" is deprecated, pass null or omit the parameter instead. at /home/playfunc/tcg/vendor/symfony/serializer/Mapping/Loader/AttributeLoader.php:51)"} []
[2025-06-09T11:18:02.751893+01:00] php.INFO: User Deprecated: Since api-platform/symfony 4.1: The "api_platform.validator.query_parameter_validator" service is deprecated use "\ApiPlatform\Metadata\Parameter::$constraints" instead. {"exception":"[object] (ErrorException(code: 0): User Deprecated: Since api-platform/symfony 4.1: The \"api_platform.validator.query_parameter_validator\" service is deprecated use \"\\ApiPlatform\\Metadata\\Parameter::$constraints\" instead. at /home/playfunc/tcg/var/cache/prod/admin/Container9YAwr4P/getApiPlatform_Validator_QueryParameterValidatorService.php:23)"} []
[2025-06-09T11:18:02.752059+01:00] php.INFO: User Deprecated: Since api-platform/core 3.4: The class "ApiPlatform\ParameterValidator\ParameterValidator" is deprecated, use "\ApiPlatform\Metadata\Parameter::$constraints" instead. {"exception":"[object] (ErrorException(code: 0): User Deprecated: Since api-platform/core 3.4: The class \"ApiPlatform\\ParameterValidator\\ParameterValidator\" is deprecated, use \"\\ApiPlatform\\Metadata\\Parameter::$constraints\" instead. at /home/playfunc/tcg/vendor/api-platform/core/src/ParameterValidator/ParameterValidator.php:41)"} []
[2025-06-09T11:18:02.752253+01:00] php.INFO: User Deprecated: Since api-platform/core 3.4: The class "ApiPlatform\ParameterValidator\Validator\ArrayItems" is deprecated, use "\ApiPlatform\Metadata\Parameter::$constraints" instead. {"exception":"[object] (ErrorException(code: 0): User Deprecated: Since api-platform/core 3.4: The class \"ApiPlatform\\ParameterValidator\\Validator\\ArrayItems\" is deprecated, use \"\\ApiPlatform\\Metadata\\Parameter::$constraints\" instead. at /home/playfunc/tcg/vendor/api-platform/core/src/ParameterValidator/Validator/ArrayItems.php:25)"} []
[2025-06-09T11:18:02.752333+01:00] php.INFO: User Deprecated: Since api-platform/core 3.4: The class "ApiPlatform\ParameterValidator\Validator\Bounds" is deprecated, use "\ApiPlatform\Metadata\Parameter::$constraints" instead. {"exception":"[object] (ErrorException(code: 0): User Deprecated: Since api-platform/core 3.4: The class \"ApiPlatform\\ParameterValidator\\Validator\\Bounds\" is deprecated, use \"\\ApiPlatform\\Metadata\\Parameter::$constraints\" instead. at /home/playfunc/tcg/vendor/api-platform/core/src/ParameterValidator/Validator/Bounds.php:25)"} []
[2025-06-09T11:18:02.752406+01:00] php.INFO: User Deprecated: Since api-platform/core 3.4: The class "ApiPlatform\ParameterValidator\Validator\Enum" is deprecated, use "\ApiPlatform\Metadata\Parameter::$constraints" instead. {"exception":"[object] (ErrorException(code: 0): User Deprecated: Since api-platform/core 3.4: The class \"ApiPlatform\\ParameterValidator\\Validator\\Enum\" is deprecated, use \"\\ApiPlatform\\Metadata\\Parameter::$constraints\" instead. at /home/playfunc/tcg/vendor/api-platform/core/src/ParameterValidator/Validator/Enum.php:25)"} []
[2025-06-09T11:18:02.752475+01:00] php.INFO: User Deprecated: Since api-platform/core 3.4: The class "ApiPlatform\ParameterValidator\Validator\Length" is deprecated, use "\ApiPlatform\Metadata\Parameter::$constraints" instead. {"exception":"[object] (ErrorException(code: 0): User Deprecated: Since api-platform/core 3.4: The class \"ApiPlatform\\ParameterValidator\\Validator\\Length\" is deprecated, use \"\\ApiPlatform\\Metadata\\Parameter::$constraints\" instead. at /home/playfunc/tcg/vendor/api-platform/core/src/ParameterValidator/Validator/Length.php:25)"} []
[2025-06-09T11:18:02.752543+01:00] php.INFO: User Deprecated: Since api-platform/core 3.4: The class "ApiPlatform\ParameterValidator\Validator\MultipleOf" is deprecated, use "\ApiPlatform\Metadata\Parameter::$constraints" instead. {"exception":"[object] (ErrorException(code: 0): User Deprecated: Since api-platform/core 3.4: The class \"ApiPlatform\\ParameterValidator\\Validator\\MultipleOf\" is deprecated, use \"\\ApiPlatform\\Metadata\\Parameter::$constraints\" instead. at /home/playfunc/tcg/vendor/api-platform/core/src/ParameterValidator/Validator/MultipleOf.php:25)"} []
[2025-06-09T11:18:02.752609+01:00] php.INFO: User Deprecated: Since api-platform/core 3.4: The class "ApiPlatform\ParameterValidator\Validator\Pattern" is deprecated, use "\ApiPlatform\Metadata\Parameter::$constraints" instead. {"exception":"[object] (ErrorException(code: 0): User Deprecated: Since api-platform/core 3.4: The class \"ApiPlatform\\ParameterValidator\\Validator\\Pattern\" is deprecated, use \"\\ApiPlatform\\Metadata\\Parameter::$constraints\" instead. at /home/playfunc/tcg/vendor/api-platform/core/src/ParameterValidator/Validator/Pattern.php:25)"} []
[2025-06-09T11:18:02.752675+01:00] php.INFO: User Deprecated: Since api-platform/core 3.4: The class "ApiPlatform\ParameterValidator\Validator\Required" is deprecated, use "\ApiPlatform\Metadata\Parameter::$constraints" instead. {"exception":"[object] (ErrorException(code: 0): User Deprecated: Since api-platform/core 3.4: The class \"ApiPlatform\\ParameterValidator\\Validator\\Required\" is deprecated, use \"\\ApiPlatform\\Metadata\\Parameter::$constraints\" instead. at /home/playfunc/tcg/vendor/api-platform/core/src/ParameterValidator/Validator/Required.php:27)"} []
[2025-06-09T11:18:02.754412+01:00] php.INFO: User Deprecated: The annotation mapping driver is deprecated and will be removed in Doctrine ORM 3.0, please migrate to the attribute or XML driver. (AnnotationDriver.php:68 called by AdminKernelProdContainer.php:4873, https://github.com/doctrine/orm/issues/10098, package doctrine/orm) {"exception":"[object] (ErrorException(code: 0): User Deprecated: The annotation mapping driver is deprecated and will be removed in Doctrine ORM 3.0, please migrate to the attribute or XML driver. (AnnotationDriver.php:68 called by AdminKernelProdContainer.php:4873, https://github.com/doctrine/orm/issues/10098, package doctrine/orm) at /home/playfunc/tcg/vendor/doctrine/deprecations/src/Deprecation.php:208)"} []
[2025-06-09T11:18:02.754466+01:00] php.INFO: User Deprecated: In ORM 3.0, the AttributeDriver will report fields for the classes where they are declared. This may uncover invalid mapping configurations. To opt into the new mode also with the AnnotationDriver today, set the "reportFieldsWhereDeclared" constructor parameter to true. (AnnotationDriver.php:79 called by AdminKernelProdContainer.php:4873, https://github.com/doctrine/orm/pull/10455, package doctrine/orm) {"exception":"[object] (ErrorException(code: 0): User Deprecated: In ORM 3.0, the AttributeDriver will report fields for the classes where they are declared. This may uncover invalid mapping configurations. To opt into the new mode also with the AnnotationDriver today, set the \"reportFieldsWhereDeclared\" constructor parameter to true. (AnnotationDriver.php:79 called by AdminKernelProdContainer.php:4873, https://github.com/doctrine/orm/pull/10455, package doctrine/orm) at /home/playfunc/tcg/vendor/doctrine/deprecations/src/Deprecation.php:208)"} []
[2025-06-09T11:18:02.755622+01:00] php.INFO: User Deprecated: Doctrine\ORM\EntityManager::create() is deprecated. To bootstrap a DBAL connection, call Doctrine\DBAL\DriverManager::getConnection() instead. Use the constructor to create an instance of Doctrine\ORM\EntityManager. (EntityManager.php:1001 called by AdminKernelProdContainer.php:3265, https://github.com/doctrine/orm/pull/9961, package doctrine/orm) {"exception":"[object] (ErrorException(code: 0): User Deprecated: Doctrine\\ORM\\EntityManager::create() is deprecated. To bootstrap a DBAL connection, call Doctrine\\DBAL\\DriverManager::getConnection() instead. Use the constructor to create an instance of Doctrine\\ORM\\EntityManager. (EntityManager.php:1001 called by AdminKernelProdContainer.php:3265, https://github.com/doctrine/orm/pull/9961, package doctrine/orm) at /home/playfunc/tcg/vendor/doctrine/deprecations/src/Deprecation.php:208)"} []
[2025-06-09T11:18:02.755696+01:00] php.INFO: User Deprecated: Doctrine\DBAL\Connection::getEventManager is deprecated. (Connection.php:302 called by EntityManager.php:166, https://github.com/doctrine/dbal/issues/5784, package doctrine/dbal) {"exception":"[object] (ErrorException(code: 0): User Deprecated: Doctrine\\DBAL\\Connection::getEventManager is deprecated. (Connection.php:302 called by EntityManager.php:166, https://github.com/doctrine/dbal/issues/5784, package doctrine/dbal) at /home/playfunc/tcg/vendor/doctrine/deprecations/src/Deprecation.php:208)"} []
[2025-06-09T11:18:02.756588+01:00] php.INFO: User Deprecated: Not enabling lazy ghost objects is deprecated and will not be supported in Doctrine ORM 3.0. Ensure Doctrine\ORM\Configuration::setLazyGhostObjectEnabled(true) is called to enable them. (ProxyFactory.php:169 called by EntityManager.php:181, https://github.com/doctrine/orm/pull/10837/, package doctrine/orm) {"exception":"[object] (ErrorException(code: 0): User Deprecated: Not enabling lazy ghost objects is deprecated and will not be supported in Doctrine ORM 3.0. Ensure Doctrine\\ORM\\Configuration::setLazyGhostObjectEnabled(true) is called to enable them. (ProxyFactory.php:169 called by EntityManager.php:181, https://github.com/doctrine/orm/pull/10837/, package doctrine/orm) at /home/playfunc/tcg/vendor/doctrine/deprecations/src/Deprecation.php:208)"} []
[2025-06-09T11:18:02.775220+01:00] security.DEBUG: Checking for authenticator support. {"firewall_name":"main","authenticators":2} []
[2025-06-09T11:18:02.775238+01:00] security.DEBUG: Checking support on authenticator. {"firewall_name":"main","authenticator":"Symfony\\Component\\Security\\Http\\Authenticator\\FormLoginAuthenticator"} []
[2025-06-09T11:18:02.775253+01:00] security.DEBUG: Authenticator does not support the request. {"firewall_name":"main","authenticator":"Symfony\\Component\\Security\\Http\\Authenticator\\FormLoginAuthenticator"} []
[2025-06-09T11:18:02.775257+01:00] security.DEBUG: Checking support on authenticator. {"firewall_name":"main","authenticator":"Symfony\\Component\\Security\\Http\\Authenticator\\RememberMeAuthenticator"} []
[2025-06-09T11:18:02.775318+01:00] security.DEBUG: Authenticator does not support the request. {"firewall_name":"main","authenticator":"Symfony\\Component\\Security\\Http\\Authenticator\\RememberMeAuthenticator"} []
[2025-06-09T11:18:02.783670+01:00] php.INFO: User Deprecated: Since api-platform/core 3.4: Injecting the "ApiPlatform\JsonSchema\TypeFactoryInterface" inside "ApiPlatform\JsonSchema\SchemaFactory" is deprecated and "ApiPlatform\JsonSchema\TypeFactoryInterface" will be removed in 4.x. {"exception":"[object] (ErrorException(code: 0): User Deprecated: Since api-platform/core 3.4: Injecting the \"ApiPlatform\\JsonSchema\\TypeFactoryInterface\" inside \"ApiPlatform\\JsonSchema\\SchemaFactory\" is deprecated and \"ApiPlatform\\JsonSchema\\TypeFactoryInterface\" will be removed in 4.x. at /home/playfunc/tcg/vendor/api-platform/core/src/JsonSchema/SchemaFactory.php:45)"} []
[2025-06-09T11:18:02.795980+01:00] request.CRITICAL: Uncaught PHP Exception Twig\Error\LoaderError: "The "/home/playfunc/tcg/admin082vvnopp3nd5wlh82x/themes/new-theme" directory does not exist ("/home/playfunc/tcg/admin082vvnopp3nd5wlh82x/themes/new-theme")." at FilesystemLoader.php line 99 {"exception":"[object] (Twig\\Error\\LoaderError(code: 0): The \"/home/playfunc/tcg/admin082vvnopp3nd5wlh82x/themes/new-theme\" directory does not exist (\"/home/playfunc/tcg/admin082vvnopp3nd5wlh82x/themes/new-theme\"). at /home/playfunc/tcg/vendor/twig/twig/src/Loader/FilesystemLoader.php:99)"} []
[2025-06-09T11:18:02.850787+01:00] request.CRITICAL: Exception thrown when handling an exception (Twig\Error\LoaderError: Template "@PrestaShop/Admin/Error/error.html.twig" is not defined. at ChainLoader.php line 111) {"exception":"[object] (Twig\\Error\\LoaderError(code: 0): Template \"@PrestaShop/Admin/Error/error.html.twig\" is not defined. at /home/playfunc/tcg/vendor/twig/twig/src/Loader/ChainLoader.php:111)"} []
[2025-06-09T11:18:02.851524+01:00] request.CRITICAL: Uncaught PHP Exception Twig\Error\LoaderError: "Template "@PrestaShop/Admin/Error/error.html.twig" is not defined." at ChainLoader.php line 111 {"exception":"[object] (Twig\\Error\\LoaderError(code: 0): Template \"@PrestaShop/Admin/Error/error.html.twig\" is not defined. at /home/playfunc/tcg/vendor/twig/twig/src/Loader/ChainLoader.php:111)\n[previous exception] [object] (Twig\\Error\\LoaderError(code: 0): The \"/home/playfunc/tcg/admin082vvnopp3nd5wlh82x/themes/new-theme\" directory does not exist (\"/home/playfunc/tcg/admin082vvnopp3nd5wlh82x/themes/new-theme\"). at /home/playfunc/tcg/vendor/twig/twig/src/Loader/FilesystemLoader.php:99)"} []
[2025-06-09T11:18:02.852548+01:00] request.CRITICAL: Exception thrown when handling an exception (Twig\Error\LoaderError: Template "@PrestaShop/Admin/Error/error.html.twig" is not defined. at ChainLoader.php line 111) {"exception":"[object] (Twig\\Error\\LoaderError(code: 0): Template \"@PrestaShop/Admin/Error/error.html.twig\" is not defined. at /home/playfunc/tcg/vendor/twig/twig/src/Loader/ChainLoader.php:111)"} []
[2025-06-09T11:18:18.443008+01:00] php.INFO: User Deprecated: Not configuring a schema manager factory is deprecated. Use Doctrine\DBAL\Schema\DefaultSchemaManagerFactory which is going to be the default in DBAL 4. (Connection.php:227 called by DriverManager.php:197, https://github.com/doctrine/dbal/issues/5812, package doctrine/dbal) {"exception":"[object] (ErrorException(code: 0): User Deprecated: Not configuring a schema manager factory is deprecated. Use Doctrine\\DBAL\\Schema\\DefaultSchemaManagerFactory which is going to be the default in DBAL 4. (Connection.php:227 called by DriverManager.php:197, https://github.com/doctrine/dbal/issues/5812, package doctrine/dbal) at /home/playfunc/tcg/vendor/doctrine/deprecations/src/Deprecation.php:208)"} []
[2025-06-09T11:18:18.444333+01:00] php.INFO: User Deprecated: Since symfony/doctrine-bridge 6.3: The "Symfony\Bridge\Doctrine\SchemaListener\MessengerTransportDoctrineSchemaSubscriber" class is deprecated. Use "Symfony\Bridge\Doctrine\SchemaListener\MessengerTransportDoctrineSchemaListener" instead. {"exception":"[object] (ErrorException(code: 0): User Deprecated: Since symfony/doctrine-bridge 6.3: The \"Symfony\\Bridge\\Doctrine\\SchemaListener\\MessengerTransportDoctrineSchemaSubscriber\" class is deprecated. Use \"Symfony\\Bridge\\Doctrine\\SchemaListener\\MessengerTransportDoctrineSchemaListener\" instead. at /home/playfunc/tcg/vendor/symfony/doctrine-bridge/SchemaListener/MessengerTransportDoctrineSchemaSubscriber.php:18)"} []
[2025-06-09T11:18:18.444505+01:00] php.INFO: User Deprecated: Since symfony/doctrine-bridge 6.3: Registering "Symfony\Bridge\Doctrine\SchemaListener\MessengerTransportDoctrineSchemaSubscriber" as a Doctrine subscriber is deprecated. Register it as a listener instead, using e.g. the #[AsDoctrineListener] or #[AsDocumentListener] attribute. {"exception":"[object] (ErrorException(code: 0): User Deprecated: Since symfony/doctrine-bridge 6.3: Registering \"Symfony\\Bridge\\Doctrine\\SchemaListener\\MessengerTransportDoctrineSchemaSubscriber\" as a Doctrine subscriber is deprecated. Register it as a listener instead, using e.g. the #[AsDoctrineListener] or #[AsDocumentListener] attribute. at /home/playfunc/tcg/vendor/symfony/doctrine-bridge/ContainerAwareEventManager.php:211)"} []
[2025-06-09T11:18:18.444714+01:00] php.INFO: User Deprecated: Since symfony/doctrine-bridge 6.3: The "Symfony\Bridge\Doctrine\SchemaListener\DoctrineDbalCacheAdapterSchemaSubscriber" class is deprecated. Use "Symfony\Bridge\Doctrine\SchemaListener\DoctrineDbalCacheAdapterSchemaListener" instead. {"exception":"[object] (ErrorException(code: 0): User Deprecated: Since symfony/doctrine-bridge 6.3: The \"Symfony\\Bridge\\Doctrine\\SchemaListener\\DoctrineDbalCacheAdapterSchemaSubscriber\" class is deprecated. Use \"Symfony\\Bridge\\Doctrine\\SchemaListener\\DoctrineDbalCacheAdapterSchemaListener\" instead. at /home/playfunc/tcg/vendor/symfony/doctrine-bridge/SchemaListener/DoctrineDbalCacheAdapterSchemaSubscriber.php:17)"} []
[2025-06-09T11:18:18.444801+01:00] php.INFO: User Deprecated: Since symfony/doctrine-bridge 6.3: Registering "Symfony\Bridge\Doctrine\SchemaListener\DoctrineDbalCacheAdapterSchemaSubscriber" as a Doctrine subscriber is deprecated. Register it as a listener instead, using e.g. the #[AsDoctrineListener] or #[AsDocumentListener] attribute. {"exception":"[object] (ErrorException(code: 0): User Deprecated: Since symfony/doctrine-bridge 6.3: Registering \"Symfony\\Bridge\\Doctrine\\SchemaListener\\DoctrineDbalCacheAdapterSchemaSubscriber\" as a Doctrine subscriber is deprecated. Register it as a listener instead, using e.g. the #[AsDoctrineListener] or #[AsDocumentListener] attribute. at /home/playfunc/tcg/vendor/symfony/doctrine-bridge/ContainerAwareEventManager.php:211)"} []
[2025-06-09T11:18:18.444944+01:00] php.INFO: User Deprecated: Since symfony/doctrine-bridge 6.3: The "Symfony\Bridge\Doctrine\SchemaListener\RememberMeTokenProviderDoctrineSchemaSubscriber" class is deprecated. Use "Symfony\Bridge\Doctrine\SchemaListener\RememberMeTokenProviderDoctrineSchemaListener" instead. {"exception":"[object] (ErrorException(code: 0): User Deprecated: Since symfony/doctrine-bridge 6.3: The \"Symfony\\Bridge\\Doctrine\\SchemaListener\\RememberMeTokenProviderDoctrineSchemaSubscriber\" class is deprecated. Use \"Symfony\\Bridge\\Doctrine\\SchemaListener\\RememberMeTokenProviderDoctrineSchemaListener\" instead. at /home/playfunc/tcg/vendor/symfony/doctrine-bridge/SchemaListener/RememberMeTokenProviderDoctrineSchemaSubscriber.php:18)"} []
[2025-06-09T11:18:18.445015+01:00] php.INFO: User Deprecated: Since symfony/doctrine-bridge 6.3: Registering "Symfony\Bridge\Doctrine\SchemaListener\RememberMeTokenProviderDoctrineSchemaSubscriber" as a Doctrine subscriber is deprecated. Register it as a listener instead, using e.g. the #[AsDoctrineListener] or #[AsDocumentListener] attribute. {"exception":"[object] (ErrorException(code: 0): User Deprecated: Since symfony/doctrine-bridge 6.3: Registering \"Symfony\\Bridge\\Doctrine\\SchemaListener\\RememberMeTokenProviderDoctrineSchemaSubscriber\" as a Doctrine subscriber is deprecated. Register it as a listener instead, using e.g. the #[AsDoctrineListener] or #[AsDocumentListener] attribute. at /home/playfunc/tcg/vendor/symfony/doctrine-bridge/ContainerAwareEventManager.php:211)"} []
[2025-06-09T11:18:18.448505+01:00] request.INFO: Matched route "admin_homepage". {"route":"admin_homepage","route_parameters":{"_route":"admin_homepage","_controller":"PrestaShopBundle\\Controller\\Admin\\LoginController::homepageAction"},"request_uri":"https://tcg-collectors.com/admin-tcg/","method":"GET"} []
[2025-06-09T11:18:18.449420+01:00] php.INFO: User Deprecated: Since symfony/framework-bundle 6.4: The "annotations.cached_reader" service is deprecated without replacement. {"exception":"[object] (ErrorException(code: 0): User Deprecated: Since symfony/framework-bundle 6.4: The \"annotations.cached_reader\" service is deprecated without replacement. at /home/playfunc/tcg/var/cache/prod/admin/Container9YAwr4P/getAnnotations_CachedReaderService.php:23)"} []
[2025-06-09T11:18:18.449612+01:00] php.INFO: User Deprecated: Since symfony/framework-bundle 6.4: The "annotations.reader" service is deprecated without replacement. {"exception":"[object] (ErrorException(code: 0): User Deprecated: Since symfony/framework-bundle 6.4: The \"annotations.reader\" service is deprecated without replacement. at /home/playfunc/tcg/var/cache/prod/admin/Container9YAwr4P/getAnnotations_ReaderService.php:23)"} []
[2025-06-09T11:18:18.450062+01:00] php.INFO: User Deprecated: Since symfony/framework-bundle 6.4: The "annotations.cache_adapter" service is deprecated without replacement. {"exception":"[object] (ErrorException(code: 0): User Deprecated: Since symfony/framework-bundle 6.4: The \"annotations.cache_adapter\" service is deprecated without replacement. at /home/playfunc/tcg/var/cache/prod/admin/Container9YAwr4P/getAnnotations_CacheAdapterService.php:23)"} []
[2025-06-09T11:18:18.450197+01:00] php.INFO: User Deprecated: Since symfony/validator 6.4: Method "Symfony\Component\Validator\ValidatorBuilder::setDoctrineAnnotationReader()" is deprecated without replacement. {"exception":"[object] (ErrorException(code: 0): User Deprecated: Since symfony/validator 6.4: Method \"Symfony\\Component\\Validator\\ValidatorBuilder::setDoctrineAnnotationReader()\" is deprecated without replacement. at /home/playfunc/tcg/vendor/symfony/validator/ValidatorBuilder.php:252)"} []
[2025-06-09T11:18:18.452832+01:00] php.INFO: User Deprecated: Since symfony/serializer 6.4: Passing a "Doctrine\Common\Annotations\PsrCachedReader" instance as argument 1 to "Symfony\Component\Serializer\Mapping\Loader\AttributeLoader::__construct()" is deprecated, pass null or omit the parameter instead. {"exception":"[object] (ErrorException(code: 0): User Deprecated: Since symfony/serializer 6.4: Passing a \"Doctrine\\Common\\Annotations\\PsrCachedReader\" instance as argument 1 to \"Symfony\\Component\\Serializer\\Mapping\\Loader\\AttributeLoader::__construct()\" is deprecated, pass null or omit the parameter instead. at /home/playfunc/tcg/vendor/symfony/serializer/Mapping/Loader/AttributeLoader.php:51)"} []
[2025-06-09T11:18:18.454933+01:00] php.INFO: User Deprecated: Since api-platform/symfony 4.1: The "api_platform.validator.query_parameter_validator" service is deprecated use "\ApiPlatform\Metadata\Parameter::$constraints" instead. {"exception":"[object] (ErrorException(code: 0): User Deprecated: Since api-platform/symfony 4.1: The \"api_platform.validator.query_parameter_validator\" service is deprecated use \"\\ApiPlatform\\Metadata\\Parameter::$constraints\" instead. at /home/playfunc/tcg/var/cache/prod/admin/Container9YAwr4P/getApiPlatform_Validator_QueryParameterValidatorService.php:23)"} []
[2025-06-09T11:18:18.455060+01:00] php.INFO: User Deprecated: Since api-platform/core 3.4: The class "ApiPlatform\ParameterValidator\ParameterValidator" is deprecated, use "\ApiPlatform\Metadata\Parameter::$constraints" instead. {"exception":"[object] (ErrorException(code: 0): User Deprecated: Since api-platform/core 3.4: The class \"ApiPlatform\\ParameterValidator\\ParameterValidator\" is deprecated, use \"\\ApiPlatform\\Metadata\\Parameter::$constraints\" instead. at /home/playfunc/tcg/vendor/api-platform/core/src/ParameterValidator/ParameterValidator.php:41)"} []
[2025-06-09T11:18:18.455215+01:00] php.INFO: User Deprecated: Since api-platform/core 3.4: The class "ApiPlatform\ParameterValidator\Validator\ArrayItems" is deprecated, use "\ApiPlatform\Metadata\Parameter::$constraints" instead. {"exception":"[object] (ErrorException(code: 0): User Deprecated: Since api-platform/core 3.4: The class \"ApiPlatform\\ParameterValidator\\Validator\\ArrayItems\" is deprecated, use \"\\ApiPlatform\\Metadata\\Parameter::$constraints\" instead. at /home/playfunc/tcg/vendor/api-platform/core/src/ParameterValidator/Validator/ArrayItems.php:25)"} []
[2025-06-09T11:18:18.455272+01:00] php.INFO: User Deprecated: Since api-platform/core 3.4: The class "ApiPlatform\ParameterValidator\Validator\Bounds" is deprecated, use "\ApiPlatform\Metadata\Parameter::$constraints" instead. {"exception":"[object] (ErrorException(code: 0): User Deprecated: Since api-platform/core 3.4: The class \"ApiPlatform\\ParameterValidator\\Validator\\Bounds\" is deprecated, use \"\\ApiPlatform\\Metadata\\Parameter::$constraints\" instead. at /home/playfunc/tcg/vendor/api-platform/core/src/ParameterValidator/Validator/Bounds.php:25)"} []
[2025-06-09T11:18:18.455325+01:00] php.INFO: User Deprecated: Since api-platform/core 3.4: The class "ApiPlatform\ParameterValidator\Validator\Enum" is deprecated, use "\ApiPlatform\Metadata\Parameter::$constraints" instead. {"exception":"[object] (ErrorException(code: 0): User Deprecated: Since api-platform/core 3.4: The class \"ApiPlatform\\ParameterValidator\\Validator\\Enum\" is deprecated, use \"\\ApiPlatform\\Metadata\\Parameter::$constraints\" instead. at /home/playfunc/tcg/vendor/api-platform/core/src/ParameterValidator/Validator/Enum.php:25)"} []
[2025-06-09T11:18:18.455398+01:00] php.INFO: User Deprecated: Since api-platform/core 3.4: The class "ApiPlatform\ParameterValidator\Validator\Length" is deprecated, use "\ApiPlatform\Metadata\Parameter::$constraints" instead. {"exception":"[object] (ErrorException(code: 0): User Deprecated: Since api-platform/core 3.4: The class \"ApiPlatform\\ParameterValidator\\Validator\\Length\" is deprecated, use \"\\ApiPlatform\\Metadata\\Parameter::$constraints\" instead. at /home/playfunc/tcg/vendor/api-platform/core/src/ParameterValidator/Validator/Length.php:25)"} []
[2025-06-09T11:18:18.455456+01:00] php.INFO: User Deprecated: Since api-platform/core 3.4: The class "ApiPlatform\ParameterValidator\Validator\MultipleOf" is deprecated, use "\ApiPlatform\Metadata\Parameter::$constraints" instead. {"exception":"[object] (ErrorException(code: 0): User Deprecated: Since api-platform/core 3.4: The class \"ApiPlatform\\ParameterValidator\\Validator\\MultipleOf\" is deprecated, use \"\\ApiPlatform\\Metadata\\Parameter::$constraints\" instead. at /home/playfunc/tcg/vendor/api-platform/core/src/ParameterValidator/Validator/MultipleOf.php:25)"} []
[2025-06-09T11:18:18.455509+01:00] php.INFO: User Deprecated: Since api-platform/core 3.4: The class "ApiPlatform\ParameterValidator\Validator\Pattern" is deprecated, use "\ApiPlatform\Metadata\Parameter::$constraints" instead. {"exception":"[object] (ErrorException(code: 0): User Deprecated: Since api-platform/core 3.4: The class \"ApiPlatform\\ParameterValidator\\Validator\\Pattern\" is deprecated, use \"\\ApiPlatform\\Metadata\\Parameter::$constraints\" instead. at /home/playfunc/tcg/vendor/api-platform/core/src/ParameterValidator/Validator/Pattern.php:25)"} []
[2025-06-09T11:18:18.455558+01:00] php.INFO: User Deprecated: Since api-platform/core 3.4: The class "ApiPlatform\ParameterValidator\Validator\Required" is deprecated, use "\ApiPlatform\Metadata\Parameter::$constraints" instead. {"exception":"[object] (ErrorException(code: 0): User Deprecated: Since api-platform/core 3.4: The class \"ApiPlatform\\ParameterValidator\\Validator\\Required\" is deprecated, use \"\\ApiPlatform\\Metadata\\Parameter::$constraints\" instead. at /home/playfunc/tcg/vendor/api-platform/core/src/ParameterValidator/Validator/Required.php:27)"} []
[2025-06-09T11:18:18.456985+01:00] php.INFO: User Deprecated: The annotation mapping driver is deprecated and will be removed in Doctrine ORM 3.0, please migrate to the attribute or XML driver. (AnnotationDriver.php:68 called by AdminKernelProdContainer.php:4873, https://github.com/doctrine/orm/issues/10098, package doctrine/orm) {"exception":"[object] (ErrorException(code: 0): User Deprecated: The annotation mapping driver is deprecated and will be removed in Doctrine ORM 3.0, please migrate to the attribute or XML driver. (AnnotationDriver.php:68 called by AdminKernelProdContainer.php:4873, https://github.com/doctrine/orm/issues/10098, package doctrine/orm) at /home/playfunc/tcg/vendor/doctrine/deprecations/src/Deprecation.php:208)"} []
[2025-06-09T11:18:18.457034+01:00] php.INFO: User Deprecated: In ORM 3.0, the AttributeDriver will report fields for the classes where they are declared. This may uncover invalid mapping configurations. To opt into the new mode also with the AnnotationDriver today, set the "reportFieldsWhereDeclared" constructor parameter to true. (AnnotationDriver.php:79 called by AdminKernelProdContainer.php:4873, https://github.com/doctrine/orm/pull/10455, package doctrine/orm) {"exception":"[object] (ErrorException(code: 0): User Deprecated: In ORM 3.0, the AttributeDriver will report fields for the classes where they are declared. This may uncover invalid mapping configurations. To opt into the new mode also with the AnnotationDriver today, set the \"reportFieldsWhereDeclared\" constructor parameter to true. (AnnotationDriver.php:79 called by AdminKernelProdContainer.php:4873, https://github.com/doctrine/orm/pull/10455, package doctrine/orm) at /home/playfunc/tcg/vendor/doctrine/deprecations/src/Deprecation.php:208)"} []
[2025-06-09T11:18:18.458155+01:00] php.INFO: User Deprecated: Doctrine\ORM\EntityManager::create() is deprecated. To bootstrap a DBAL connection, call Doctrine\DBAL\DriverManager::getConnection() instead. Use the constructor to create an instance of Doctrine\ORM\EntityManager. (EntityManager.php:1001 called by AdminKernelProdContainer.php:3265, https://github.com/doctrine/orm/pull/9961, package doctrine/orm) {"exception":"[object] (ErrorException(code: 0): User Deprecated: Doctrine\\ORM\\EntityManager::create() is deprecated. To bootstrap a DBAL connection, call Doctrine\\DBAL\\DriverManager::getConnection() instead. Use the constructor to create an instance of Doctrine\\ORM\\EntityManager. (EntityManager.php:1001 called by AdminKernelProdContainer.php:3265, https://github.com/doctrine/orm/pull/9961, package doctrine/orm) at /home/playfunc/tcg/vendor/doctrine/deprecations/src/Deprecation.php:208)"} []
[2025-06-09T11:18:18.458231+01:00] php.INFO: User Deprecated: Doctrine\DBAL\Connection::getEventManager is deprecated. (Connection.php:302 called by EntityManager.php:166, https://github.com/doctrine/dbal/issues/5784, package doctrine/dbal) {"exception":"[object] (ErrorException(code: 0): User Deprecated: Doctrine\\DBAL\\Connection::getEventManager is deprecated. (Connection.php:302 called by EntityManager.php:166, https://github.com/doctrine/dbal/issues/5784, package doctrine/dbal) at /home/playfunc/tcg/vendor/doctrine/deprecations/src/Deprecation.php:208)"} []
[2025-06-09T11:18:18.458826+01:00] php.INFO: User Deprecated: Not enabling lazy ghost objects is deprecated and will not be supported in Doctrine ORM 3.0. Ensure Doctrine\ORM\Configuration::setLazyGhostObjectEnabled(true) is called to enable them. (ProxyFactory.php:169 called by EntityManager.php:181, https://github.com/doctrine/orm/pull/10837/, package doctrine/orm) {"exception":"[object] (ErrorException(code: 0): User Deprecated: Not enabling lazy ghost objects is deprecated and will not be supported in Doctrine ORM 3.0. Ensure Doctrine\\ORM\\Configuration::setLazyGhostObjectEnabled(true) is called to enable them. (ProxyFactory.php:169 called by EntityManager.php:181, https://github.com/doctrine/orm/pull/10837/, package doctrine/orm) at /home/playfunc/tcg/vendor/doctrine/deprecations/src/Deprecation.php:208)"} []
[2025-06-09T11:18:18.470305+01:00] security.DEBUG: Checking for authenticator support. {"firewall_name":"main","authenticators":2} []
[2025-06-09T11:18:18.470318+01:00] security.DEBUG: Checking support on authenticator. {"firewall_name":"main","authenticator":"Symfony\\Component\\Security\\Http\\Authenticator\\FormLoginAuthenticator"} []
[2025-06-09T11:18:18.470328+01:00] security.DEBUG: Authenticator does not support the request. {"firewall_name":"main","authenticator":"Symfony\\Component\\Security\\Http\\Authenticator\\FormLoginAuthenticator"} []
[2025-06-09T11:18:18.470333+01:00] security.DEBUG: Checking support on authenticator. {"firewall_name":"main","authenticator":"Symfony\\Component\\Security\\Http\\Authenticator\\RememberMeAuthenticator"} []
[2025-06-09T11:18:18.470379+01:00] security.DEBUG: Authenticator does not support the request. {"firewall_name":"main","authenticator":"Symfony\\Component\\Security\\Http\\Authenticator\\RememberMeAuthenticator"} []
[2025-06-09T11:18:18.474027+01:00] php.INFO: User Deprecated: Since api-platform/core 3.4: Injecting the "ApiPlatform\JsonSchema\TypeFactoryInterface" inside "ApiPlatform\JsonSchema\SchemaFactory" is deprecated and "ApiPlatform\JsonSchema\TypeFactoryInterface" will be removed in 4.x. {"exception":"[object] (ErrorException(code: 0): User Deprecated: Since api-platform/core 3.4: Injecting the \"ApiPlatform\\JsonSchema\\TypeFactoryInterface\" inside \"ApiPlatform\\JsonSchema\\SchemaFactory\" is deprecated and \"ApiPlatform\\JsonSchema\\TypeFactoryInterface\" will be removed in 4.x. at /home/playfunc/tcg/vendor/api-platform/core/src/JsonSchema/SchemaFactory.php:45)"} []
[2025-06-09T11:18:18.480463+01:00] request.CRITICAL: Uncaught PHP Exception Twig\Error\LoaderError: "The "/home/playfunc/tcg/admin082vvnopp3nd5wlh82x/themes/new-theme" directory does not exist ("/home/playfunc/tcg/admin082vvnopp3nd5wlh82x/themes/new-theme")." at FilesystemLoader.php line 99 {"exception":"[object] (Twig\\Error\\LoaderError(code: 0): The \"/home/playfunc/tcg/admin082vvnopp3nd5wlh82x/themes/new-theme\" directory does not exist (\"/home/playfunc/tcg/admin082vvnopp3nd5wlh82x/themes/new-theme\"). at /home/playfunc/tcg/vendor/twig/twig/src/Loader/FilesystemLoader.php:99)"} []
[2025-06-09T11:18:18.529523+01:00] request.CRITICAL: Exception thrown when handling an exception (Twig\Error\LoaderError: Template "@PrestaShop/Admin/Error/error.html.twig" is not defined. at ChainLoader.php line 111) {"exception":"[object] (Twig\\Error\\LoaderError(code: 0): Template \"@PrestaShop/Admin/Error/error.html.twig\" is not defined. at /home/playfunc/tcg/vendor/twig/twig/src/Loader/ChainLoader.php:111)"} []
[2025-06-09T11:18:18.530011+01:00] request.CRITICAL: Uncaught PHP Exception Twig\Error\LoaderError: "Template "@PrestaShop/Admin/Error/error.html.twig" is not defined." at ChainLoader.php line 111 {"exception":"[object] (Twig\\Error\\LoaderError(code: 0): Template \"@PrestaShop/Admin/Error/error.html.twig\" is not defined. at /home/playfunc/tcg/vendor/twig/twig/src/Loader/ChainLoader.php:111)\n[previous exception] [object] (Twig\\Error\\LoaderError(code: 0): The \"/home/playfunc/tcg/admin082vvnopp3nd5wlh82x/themes/new-theme\" directory does not exist (\"/home/playfunc/tcg/admin082vvnopp3nd5wlh82x/themes/new-theme\"). at /home/playfunc/tcg/vendor/twig/twig/src/Loader/FilesystemLoader.php:99)"} []
[2025-06-09T11:18:18.530942+01:00] request.CRITICAL: Exception thrown when handling an exception (Twig\Error\LoaderError: Template "@PrestaShop/Admin/Error/error.html.twig" is not defined. at ChainLoader.php line 111) {"exception":"[object] (Twig\\Error\\LoaderError(code: 0): Template \"@PrestaShop/Admin/Error/error.html.twig\" is not defined. at /home/playfunc/tcg/vendor/twig/twig/src/Loader/ChainLoader.php:111)"} []
